2019-03-27 02:04:12,735 [Worker-13] INFO  o.e.m.c.i.l.LifecycleMappingFactory - Using org.eclipse.m2e.jdt.JarLifecycleMapping lifecycle mapping for MavenProject: com.Tim18:Skynet:0.0.1-SNAPSHOT @ C:\Users\Dule\Desktop\ISA-MRS\ISA-MRS-TIM18\Skynet\pom.xml.
2019-03-27 02:04:16,296 [Worker-13] INFO  o.e.m.j.i.AbstractJavaProjectConfigurator - Adding source folder /Skynet/src/main/java
2019-03-27 02:04:16,296 [Worker-13] INFO  o.e.m.j.i.AbstractJavaProjectConfigurator - Adding resource folder /Skynet/src/main/resources
2019-03-27 02:04:16,296 [Worker-13] INFO  o.e.m.j.i.AbstractJavaProjectConfigurator - Adding resource folder /Skynet/src/main/resources
2019-03-27 02:04:16,296 [Worker-13] INFO  o.e.m.j.i.AbstractJavaProjectConfigurator - Adding source folder /Skynet/src/test/java
2019-03-27 02:04:16,312 [Worker-13] INFO  o.e.m.j.i.AbstractJavaProjectConfigurator - Adding resource folder /Skynet/src/test/resources
2019-03-27 02:04:16,621 [Worker-13] INFO  o.e.m.c.i.p.ProjectConfigurationManager - Imported and configured 1 project(s) in 31 sec
2019-03-27 02:04:19,432 [Worker-8] INFO  o.e.m.c.i.embedder.EclipseLogger - Using 'UTF-8' encoding to copy filtered resources.
2019-03-27 02:04:19,441 [Worker-8] INFO  o.e.m.c.i.embedder.EclipseLogger - Copying 1 resource
2019-03-27 02:04:19,469 [Worker-8] INFO  o.e.m.c.i.embedder.EclipseLogger - Copying 12 resources
2019-03-27 02:04:19,544 [Worker-8] INFO  o.e.m.c.i.embedder.EclipseLogger - Using 'UTF-8' encoding to copy filtered resources.
2019-03-27 02:04:19,545 [Worker-8] INFO  o.e.m.c.i.embedder.EclipseLogger - Copying 0 resource
2019-03-27 02:05:25,503 [Worker-0] INFO  o.e.m.c.i.embedder.EclipseLogger - Using 'UTF-8' encoding to copy filtered resources.
2019-03-27 02:05:25,518 [Worker-0] INFO  o.e.m.c.i.embedder.EclipseLogger - Copying 1 resource
2019-03-27 02:05:25,518 [Worker-0] INFO  o.e.m.c.i.embedder.EclipseLogger - Copying 12 resources
2019-03-27 02:05:25,518 [Worker-0] INFO  o.e.m.c.i.embedder.EclipseLogger - Using 'UTF-8' encoding to copy filtered resources.
2019-03-27 02:05:25,518 [Worker-0] INFO  o.e.m.c.i.embedder.EclipseLogger - Copying 0 resource
2019-03-27 02:06:04,212 [Worker-3] INFO  o.e.m.c.i.embedder.EclipseLogger - Using 'UTF-8' encoding to copy filtered resources.
2019-03-27 02:06:04,212 [Worker-3] INFO  o.e.m.c.i.embedder.EclipseLogger - Copying 1 resource
2019-03-27 02:06:04,228 [Worker-3] INFO  o.e.m.c.i.embedder.EclipseLogger - Copying 12 resources
2019-03-27 02:06:04,228 [Worker-3] INFO  o.e.m.c.i.embedder.EclipseLogger - Using 'UTF-8' encoding to copy filtered resources.
2019-03-27 02:06:04,228 [Worker-3] INFO  o.e.m.c.i.embedder.EclipseLogger - Copying 0 resource
2019-03-27 02:06:34,472 [Worker-8] INFO  o.e.m.c.i.embedder.EclipseLogger - Using 'UTF-8' encoding to copy filtered resources.
2019-03-27 02:06:34,472 [Worker-8] INFO  o.e.m.c.i.embedder.EclipseLogger - Copying 1 resource
2019-03-27 02:06:34,472 [Worker-8] INFO  o.e.m.c.i.embedder.EclipseLogger - Copying 12 resources
2019-03-27 02:06:34,472 [Worker-8] INFO  o.e.m.c.i.embedder.EclipseLogger - Using 'UTF-8' encoding to copy filtered resources.
2019-03-27 02:06:34,472 [Worker-8] INFO  o.e.m.c.i.embedder.EclipseLogger - Copying 0 resource
2019-03-27 02:07:12,425 [Worker-8] INFO  o.e.m.c.i.embedder.EclipseLogger - Using 'UTF-8' encoding to copy filtered resources.
2019-03-27 02:07:12,425 [Worker-8] INFO  o.e.m.c.i.embedder.EclipseLogger - Copying 1 resource
2019-03-27 02:07:12,425 [Worker-8] INFO  o.e.m.c.i.embedder.EclipseLogger - Copying 12 resources
2019-03-27 02:07:12,441 [Worker-8] INFO  o.e.m.c.i.embedder.EclipseLogger - Using 'UTF-8' encoding to copy filtered resources.
2019-03-27 02:07:12,441 [Worker-8] INFO  o.e.m.c.i.embedder.EclipseLogger - Copying 0 resource
2019-03-27 02:09:42,132 [Worker-8] INFO  o.e.m.c.i.embedder.EclipseLogger - Using 'UTF-8' encoding to copy filtered resources.
2019-03-27 02:09:42,132 [Worker-8] INFO  o.e.m.c.i.embedder.EclipseLogger - Copying 1 resource
2019-03-27 02:09:42,132 [Worker-8] INFO  o.e.m.c.i.embedder.EclipseLogger - Copying 12 resources
2019-03-27 02:09:42,148 [Worker-8] INFO  o.e.m.c.i.embedder.EclipseLogger - Using 'UTF-8' encoding to copy filtered resources.
2019-03-27 02:09:42,148 [Worker-8] INFO  o.e.m.c.i.embedder.EclipseLogger - Copying 0 resource
2019-03-27 02:10:19,524 [Worker-15] INFO  o.e.m.c.i.embedder.EclipseLogger - Using 'UTF-8' encoding to copy filtered resources.
2019-03-27 02:10:19,524 [Worker-15] INFO  o.e.m.c.i.embedder.EclipseLogger - Copying 1 resource
2019-03-27 02:10:19,524 [Worker-15] INFO  o.e.m.c.i.embedder.EclipseLogger - Copying 12 resources
2019-03-27 02:10:19,540 [Worker-15] INFO  o.e.m.c.i.embedder.EclipseLogger - Using 'UTF-8' encoding to copy filtered resources.
2019-03-27 02:10:19,540 [Worker-15] INFO  o.e.m.c.i.embedder.EclipseLogger - Copying 0 resource
2019-03-27 02:10:38,218 [Worker-16] INFO  o.e.m.c.i.embedder.EclipseLogger - Using 'UTF-8' encoding to copy filtered resources.
2019-03-27 02:10:38,218 [Worker-16] INFO  o.e.m.c.i.embedder.EclipseLogger - Copying 1 resource
2019-03-27 02:10:38,218 [Worker-16] INFO  o.e.m.c.i.embedder.EclipseLogger - Copying 12 resources
2019-03-27 02:10:38,234 [Worker-16] INFO  o.e.m.c.i.embedder.EclipseLogger - Using 'UTF-8' encoding to copy filtered resources.
2019-03-27 02:10:38,234 [Worker-16] INFO  o.e.m.c.i.embedder.EclipseLogger - Copying 0 resource
2019-03-27 02:11:30,932 [Worker-14] INFO  o.e.m.c.i.embedder.EclipseLogger - Using 'UTF-8' encoding to copy filtered resources.
2019-03-27 02:11:30,947 [Worker-14] INFO  o.e.m.c.i.embedder.EclipseLogger - Copying 1 resource
2019-03-27 02:11:30,947 [Worker-14] INFO  o.e.m.c.i.embedder.EclipseLogger - Copying 12 resources
2019-03-27 02:11:30,947 [Worker-14] INFO  o.e.m.c.i.embedder.EclipseLogger - Using 'UTF-8' encoding to copy filtered resources.
2019-03-27 02:11:30,947 [Worker-14] INFO  o.e.m.c.i.embedder.EclipseLogger - Copying 0 resource
2019-03-27 02:13:11,980 [Worker-16] INFO  o.e.m.c.i.embedder.EclipseLogger - Using 'UTF-8' encoding to copy filtered resources.
2019-03-27 02:13:11,980 [Worker-16] INFO  o.e.m.c.i.embedder.EclipseLogger - Copying 1 resource
2019-03-27 02:13:11,980 [Worker-16] INFO  o.e.m.c.i.embedder.EclipseLogger - Copying 12 resources
2019-03-27 02:13:11,980 [Worker-16] INFO  o.e.m.c.i.embedder.EclipseLogger - Using 'UTF-8' encoding to copy filtered resources.
2019-03-27 02:13:11,980 [Worker-16] INFO  o.e.m.c.i.embedder.EclipseLogger - Copying 0 resource
2019-03-27 02:14:50,169 [Worker-14] INFO  o.e.m.c.i.embedder.EclipseLogger - Using 'UTF-8' encoding to copy filtered resources.
2019-03-27 02:14:50,169 [Worker-14] INFO  o.e.m.c.i.embedder.EclipseLogger - Copying 1 resource
2019-03-27 02:14:50,185 [Worker-14] INFO  o.e.m.c.i.embedder.EclipseLogger - Copying 12 resources
2019-03-27 02:14:50,185 [Worker-14] INFO  o.e.m.c.i.embedder.EclipseLogger - Using 'UTF-8' encoding to copy filtered resources.
2019-03-27 02:14:50,185 [Worker-14] INFO  o.e.m.c.i.embedder.EclipseLogger - Copying 0 resource
2019-03-27 02:17:35,102 [Worker-16] INFO  o.e.m.c.i.l.LifecycleMappingFactory - Using org.eclipse.m2e.jdt.JarLifecycleMapping lifecycle mapping for MavenProject: com.Tim18:Skynet:0.0.1-SNAPSHOT @ C:\Users\Dule\Desktop\ISA-MRS\ISA-MRS-TIM18\Skynet\pom.xml.
2019-03-27 02:17:39,661 [Worker-16] INFO  o.e.m.c.i.embedder.EclipseLogger - Using 'UTF-8' encoding to copy filtered resources.
2019-03-27 02:17:39,661 [Worker-16] INFO  o.e.m.c.i.embedder.EclipseLogger - Copying 0 resource
2019-03-27 02:17:39,661 [Worker-16] INFO  o.e.m.c.i.embedder.EclipseLogger - Copying 0 resource
2019-03-27 02:17:39,661 [Worker-16] INFO  o.e.m.c.i.embedder.EclipseLogger - Using 'UTF-8' encoding to copy filtered resources.
2019-03-27 02:17:39,661 [Worker-16] INFO  o.e.m.c.i.embedder.EclipseLogger - Copying 0 resource
2019-03-27 02:17:42,239 [Worker-21] INFO  o.e.m.c.i.embedder.EclipseLogger - Using 'UTF-8' encoding to copy filtered resources.
2019-03-27 02:17:42,239 [Worker-21] INFO  o.e.m.c.i.embedder.EclipseLogger - Copying 1 resource
2019-03-27 02:17:42,255 [Worker-21] INFO  o.e.m.c.i.embedder.EclipseLogger - Copying 12 resources
2019-03-27 02:17:42,302 [Worker-21] INFO  o.e.m.c.i.embedder.EclipseLogger - Using 'UTF-8' encoding to copy filtered resources.
2019-03-27 02:17:42,302 [Worker-21] INFO  o.e.m.c.i.embedder.EclipseLogger - Copying 0 resource
2019-03-27 02:17:47,580 [Worker-22] INFO  o.e.m.c.i.p.ProjectConfigurationManager - Update started
2019-03-27 02:17:48,196 [Worker-22] INFO  o.e.m.c.i.l.LifecycleMappingFactory - Using org.eclipse.m2e.jdt.JarLifecycleMapping lifecycle mapping for MavenProject: com.Tim18:Skynet:0.0.1-SNAPSHOT @ C:\Users\Dule\Desktop\ISA-MRS\ISA-MRS-TIM18\Skynet\pom.xml.
2019-03-27 02:17:48,888 [Worker-22] INFO  o.e.m.j.i.AbstractJavaProjectConfigurator - Adding source folder /Skynet/src/main/java
2019-03-27 02:17:48,888 [Worker-22] INFO  o.e.m.j.i.AbstractJavaProjectConfigurator - Adding resource folder /Skynet/src/main/resources
2019-03-27 02:17:48,888 [Worker-22] INFO  o.e.m.j.i.AbstractJavaProjectConfigurator - Adding resource folder /Skynet/src/main/resources
2019-03-27 02:17:48,888 [Worker-22] INFO  o.e.m.j.i.AbstractJavaProjectConfigurator - Adding source folder /Skynet/src/test/java
2019-03-27 02:17:48,888 [Worker-22] INFO  o.e.m.j.i.AbstractJavaProjectConfigurator - Adding resource folder /Skynet/src/test/resources
2019-03-27 02:17:49,091 [Worker-22] INFO  o.e.m.c.i.p.ProjectConfigurationManager - Update completed: 1 sec
2019-03-27 02:17:49,898 [Worker-20] INFO  o.e.m.c.i.embedder.EclipseLogger - Using 'UTF-8' encoding to copy filtered resources.
2019-03-27 02:17:49,898 [Worker-20] INFO  o.e.m.c.i.embedder.EclipseLogger - Copying 1 resource
2019-03-27 02:17:49,914 [Worker-20] INFO  o.e.m.c.i.embedder.EclipseLogger - Copying 12 resources
2019-03-27 02:17:49,945 [Worker-20] INFO  o.e.m.c.i.embedder.EclipseLogger - Using 'UTF-8' encoding to copy filtered resources.
2019-03-27 02:17:49,945 [Worker-20] INFO  o.e.m.c.i.embedder.EclipseLogger - Copying 0 resource
2019-03-27 02:18:03,299 [Worker-24] INFO  o.e.m.c.i.embedder.EclipseLogger - Using 'UTF-8' encoding to copy filtered resources.
2019-03-27 02:18:03,299 [Worker-24] INFO  o.e.m.c.i.embedder.EclipseLogger - Copying 1 resource
2019-03-27 02:18:03,299 [Worker-24] INFO  o.e.m.c.i.embedder.EclipseLogger - Copying 12 resources
2019-03-27 02:18:03,314 [Worker-24] INFO  o.e.m.c.i.embedder.EclipseLogger - Using 'UTF-8' encoding to copy filtered resources.
2019-03-27 02:18:03,314 [Worker-24] INFO  o.e.m.c.i.embedder.EclipseLogger - Copying 0 resource
2019-03-27 02:20:50,376 [Worker-21] INFO  o.e.m.c.i.l.LifecycleMappingFactory - Using org.eclipse.m2e.jdt.JarLifecycleMapping lifecycle mapping for MavenProject: com.Tim18:Skynet:0.0.1-SNAPSHOT @ C:\Users\Dule\Desktop\ISA-MRS\ISA-MRS-TIM18\Skynet\pom.xml.
2019-03-27 02:20:50,943 [Worker-21] INFO  o.e.m.c.i.embedder.EclipseLogger - Using 'UTF-8' encoding to copy filtered resources.
2019-03-27 02:20:50,958 [Worker-21] INFO  o.e.m.c.i.embedder.EclipseLogger - Copying 0 resource
2019-03-27 02:20:50,958 [Worker-21] INFO  o.e.m.c.i.embedder.EclipseLogger - Copying 0 resource
2019-03-27 02:20:50,958 [Worker-21] INFO  o.e.m.c.i.embedder.EclipseLogger - Using 'UTF-8' encoding to copy filtered resources.
2019-03-27 02:20:50,958 [Worker-21] INFO  o.e.m.c.i.embedder.EclipseLogger - Copying 0 resource
2019-03-27 02:21:18,524 [Worker-25] INFO  o.e.m.c.i.p.ProjectConfigurationManager - Update started
2019-03-27 02:21:19,101 [Worker-25] INFO  o.e.m.c.i.l.LifecycleMappingFactory - Using org.eclipse.m2e.jdt.JarLifecycleMapping lifecycle mapping for MavenProject: com.Tim18:Skynet:0.0.1-SNAPSHOT @ C:\Users\Dule\Desktop\ISA-MRS\ISA-MRS-TIM18\Skynet\pom.xml.
2019-03-27 02:21:19,739 [Worker-25] INFO  o.e.m.j.i.AbstractJavaProjectConfigurator - Adding source folder /Skynet/src/main/java
2019-03-27 02:21:19,739 [Worker-25] INFO  o.e.m.j.i.AbstractJavaProjectConfigurator - Adding resource folder /Skynet/src/main/resources
2019-03-27 02:21:19,739 [Worker-25] INFO  o.e.m.j.i.AbstractJavaProjectConfigurator - Adding resource folder /Skynet/src/main/resources
2019-03-27 02:21:19,739 [Worker-25] INFO  o.e.m.j.i.AbstractJavaProjectConfigurator - Adding source folder /Skynet/src/test/java
2019-03-27 02:21:19,739 [Worker-25] INFO  o.e.m.j.i.AbstractJavaProjectConfigurator - Adding resource folder /Skynet/src/test/resources
2019-03-27 02:21:19,957 [Worker-25] INFO  o.e.m.c.i.p.ProjectConfigurationManager - Update completed: 1 sec
2019-03-27 02:21:20,703 [Worker-21] INFO  o.e.m.c.i.embedder.EclipseLogger - Using 'UTF-8' encoding to copy filtered resources.
2019-03-27 02:21:20,703 [Worker-21] INFO  o.e.m.c.i.embedder.EclipseLogger - Copying 1 resource
2019-03-27 02:21:20,719 [Worker-21] INFO  o.e.m.c.i.embedder.EclipseLogger - Copying 12 resources
2019-03-27 02:21:20,765 [Worker-21] INFO  o.e.m.c.i.embedder.EclipseLogger - Using 'UTF-8' encoding to copy filtered resources.
2019-03-27 02:21:20,765 [Worker-21] INFO  o.e.m.c.i.embedder.EclipseLogger - Copying 0 resource
2019-03-27 02:22:05,476 [Worker-16] INFO  o.e.m.c.i.embedder.EclipseLogger - Using 'UTF-8' encoding to copy filtered resources.
2019-03-27 02:22:05,476 [Worker-16] INFO  o.e.m.c.i.embedder.EclipseLogger - Copying 1 resource
2019-03-27 02:22:05,476 [Worker-16] INFO  o.e.m.c.i.embedder.EclipseLogger - Copying 12 resources
2019-03-27 02:22:05,476 [Worker-16] INFO  o.e.m.c.i.embedder.EclipseLogger - Using 'UTF-8' encoding to copy filtered resources.
2019-03-27 02:22:05,476 [Worker-16] INFO  o.e.m.c.i.embedder.EclipseLogger - Copying 0 resource
2019-03-27 02:22:10,139 [Worker-16] INFO  o.e.m.c.i.embedder.EclipseLogger - Using 'UTF-8' encoding to copy filtered resources.
2019-03-27 02:22:10,139 [Worker-16] INFO  o.e.m.c.i.embedder.EclipseLogger - Copying 1 resource
2019-03-27 02:22:10,139 [Worker-16] INFO  o.e.m.c.i.embedder.EclipseLogger - Copying 12 resources
2019-03-27 02:22:10,154 [Worker-16] INFO  o.e.m.c.i.embedder.EclipseLogger - Using 'UTF-8' encoding to copy filtered resources.
2019-03-27 02:22:10,154 [Worker-16] INFO  o.e.m.c.i.embedder.EclipseLogger - Copying 0 resource
2019-03-27 02:24:31,417 [Worker-21] INFO  o.e.m.c.i.embedder.EclipseLogger - Using 'UTF-8' encoding to copy filtered resources.
2019-03-27 02:24:31,417 [Worker-21] INFO  o.e.m.c.i.embedder.EclipseLogger - Copying 0 resource
2019-03-27 02:24:31,417 [Worker-21] INFO  o.e.m.c.i.embedder.EclipseLogger - Copying 1 resource
2019-03-27 02:24:31,417 [Worker-21] INFO  o.e.m.c.i.embedder.EclipseLogger - Using 'UTF-8' encoding to copy filtered resources.
2019-03-27 02:24:31,417 [Worker-21] INFO  o.e.m.c.i.embedder.EclipseLogger - Copying 0 resource
2019-03-27 02:25:30,879 [Worker-26] INFO  o.e.m.c.i.embedder.EclipseLogger - Using 'UTF-8' encoding to copy filtered resources.
2019-03-27 02:25:30,879 [Worker-26] INFO  o.e.m.c.i.embedder.EclipseLogger - Copying 0 resource
2019-03-27 02:25:30,879 [Worker-26] INFO  o.e.m.c.i.embedder.EclipseLogger - Copying 1 resource
2019-03-27 02:25:30,895 [Worker-26] INFO  o.e.m.c.i.embedder.EclipseLogger - Using 'UTF-8' encoding to copy filtered resources.
2019-03-27 02:25:30,895 [Worker-26] INFO  o.e.m.c.i.embedder.EclipseLogger - Copying 0 resource
2019-03-27 02:27:51,804 [Worker-14] INFO  o.e.m.c.i.embedder.EclipseLogger - Using 'UTF-8' encoding to copy filtered resources.
2019-03-27 02:27:51,804 [Worker-14] INFO  o.e.m.c.i.embedder.EclipseLogger - Copying 1 resource
2019-03-27 02:27:51,804 [Worker-14] INFO  o.e.m.c.i.embedder.EclipseLogger - Copying 13 resources
2019-03-27 02:27:51,820 [Worker-14] INFO  o.e.m.c.i.embedder.EclipseLogger - Using 'UTF-8' encoding to copy filtered resources.
2019-03-27 02:27:51,820 [Worker-14] INFO  o.e.m.c.i.embedder.EclipseLogger - Copying 0 resource
2019-03-27 02:28:02,350 [Worker-30] INFO  o.e.m.c.i.embedder.EclipseLogger - Using 'UTF-8' encoding to copy filtered resources.
2019-03-27 02:28:02,352 [Worker-30] INFO  o.e.m.c.i.embedder.EclipseLogger - Copying 1 resource
2019-03-27 02:28:02,355 [Worker-30] INFO  o.e.m.c.i.embedder.EclipseLogger - Copying 13 resources
2019-03-27 02:28:02,359 [Worker-30] INFO  o.e.m.c.i.embedder.EclipseLogger - Using 'UTF-8' encoding to copy filtered resources.
2019-03-27 02:28:02,359 [Worker-30] INFO  o.e.m.c.i.embedder.EclipseLogger - Copying 0 resource
2019-03-27 02:28:47,477 [Worker-30] INFO  o.e.m.c.i.embedder.EclipseLogger - Using 'UTF-8' encoding to copy filtered resources.
2019-03-27 02:28:47,477 [Worker-30] INFO  o.e.m.c.i.embedder.EclipseLogger - Copying 1 resource
2019-03-27 02:28:47,477 [Worker-30] INFO  o.e.m.c.i.embedder.EclipseLogger - Copying 13 resources
2019-03-27 02:28:47,477 [Worker-30] INFO  o.e.m.c.i.embedder.EclipseLogger - Using 'UTF-8' encoding to copy filtered resources.
2019-03-27 02:28:47,477 [Worker-30] INFO  o.e.m.c.i.embedder.EclipseLogger - Copying 0 resource
2019-03-27 02:29:56,638 [Worker-29] INFO  o.e.m.c.i.embedder.EclipseLogger - Using 'UTF-8' encoding to copy filtered resources.
2019-03-27 02:29:56,638 [Worker-29] INFO  o.e.m.c.i.embedder.EclipseLogger - Copying 1 resource
2019-03-27 02:29:56,638 [Worker-29] INFO  o.e.m.c.i.embedder.EclipseLogger - Copying 13 resources
2019-03-27 02:29:56,653 [Worker-29] INFO  o.e.m.c.i.embedder.EclipseLogger - Using 'UTF-8' encoding to copy filtered resources.
2019-03-27 02:29:56,653 [Worker-29] INFO  o.e.m.c.i.embedder.EclipseLogger - Copying 0 resource
2019-03-27 02:30:29,962 [Worker-14] INFO  o.e.m.c.i.embedder.EclipseLogger - Using 'UTF-8' encoding to copy filtered resources.
2019-03-27 02:30:29,962 [Worker-14] INFO  o.e.m.c.i.embedder.EclipseLogger - Copying 1 resource
2019-03-27 02:30:29,962 [Worker-14] INFO  o.e.m.c.i.embedder.EclipseLogger - Copying 13 resources
2019-03-27 02:30:29,962 [Worker-14] INFO  o.e.m.c.i.embedder.EclipseLogger - Using 'UTF-8' encoding to copy filtered resources.
2019-03-27 02:30:29,977 [Worker-14] INFO  o.e.m.c.i.embedder.EclipseLogger - Copying 0 resource
2019-03-27 02:30:36,459 [Worker-27] INFO  o.e.m.c.i.embedder.EclipseLogger - Using 'UTF-8' encoding to copy filtered resources.
2019-03-27 02:30:36,459 [Worker-27] INFO  o.e.m.c.i.embedder.EclipseLogger - Copying 1 resource
2019-03-27 02:30:36,459 [Worker-27] INFO  o.e.m.c.i.embedder.EclipseLogger - Copying 13 resources
2019-03-27 02:30:36,459 [Worker-27] INFO  o.e.m.c.i.embedder.EclipseLogger - Using 'UTF-8' encoding to copy filtered resources.
2019-03-27 02:30:36,459 [Worker-27] INFO  o.e.m.c.i.embedder.EclipseLogger - Copying 0 resource
2019-03-27 02:31:56,748 [Worker-27] INFO  o.e.m.c.i.embedder.EclipseLogger - Using 'UTF-8' encoding to copy filtered resources.
2019-03-27 02:31:56,764 [Worker-27] INFO  o.e.m.c.i.embedder.EclipseLogger - Copying 1 resource
2019-03-27 02:31:56,764 [Worker-27] INFO  o.e.m.c.i.embedder.EclipseLogger - Copying 13 resources
2019-03-27 02:31:56,780 [Worker-27] INFO  o.e.m.c.i.embedder.EclipseLogger - Using 'UTF-8' encoding to copy filtered resources.
2019-03-27 02:31:56,780 [Worker-27] INFO  o.e.m.c.i.embedder.EclipseLogger - Copying 0 resource
2019-03-27 02:32:36,536 [Worker-30] INFO  o.e.m.c.i.embedder.EclipseLogger - Using 'UTF-8' encoding to copy filtered resources.
2019-03-27 02:32:36,552 [Worker-30] INFO  o.e.m.c.i.embedder.EclipseLogger - Copying 1 resource
2019-03-27 02:32:36,552 [Worker-30] INFO  o.e.m.c.i.embedder.EclipseLogger - Copying 13 resources
2019-03-27 02:32:36,552 [Worker-30] INFO  o.e.m.c.i.embedder.EclipseLogger - Using 'UTF-8' encoding to copy filtered resources.
2019-03-27 02:32:36,552 [Worker-30] INFO  o.e.m.c.i.embedder.EclipseLogger - Copying 0 resource
2019-03-27 02:35:36,685 [Worker-30] INFO  o.e.m.c.i.embedder.EclipseLogger - Using 'UTF-8' encoding to copy filtered resources.
2019-03-27 02:35:36,685 [Worker-30] INFO  o.e.m.c.i.embedder.EclipseLogger - Copying 1 resource
2019-03-27 02:35:36,685 [Worker-30] INFO  o.e.m.c.i.embedder.EclipseLogger - Copying 13 resources
2019-03-27 02:35:36,685 [Worker-30] INFO  o.e.m.c.i.embedder.EclipseLogger - Using 'UTF-8' encoding to copy filtered resources.
2019-03-27 02:35:36,685 [Worker-30] INFO  o.e.m.c.i.embedder.EclipseLogger - Copying 0 resource
2019-03-27 02:36:49,777 [Worker-30] INFO  o.e.m.c.i.embedder.EclipseLogger - Using 'UTF-8' encoding to copy filtered resources.
2019-03-27 02:36:49,777 [Worker-30] INFO  o.e.m.c.i.embedder.EclipseLogger - Copying 1 resource
2019-03-27 02:36:49,777 [Worker-30] INFO  o.e.m.c.i.embedder.EclipseLogger - Copying 13 resources
2019-03-27 02:36:49,777 [Worker-30] INFO  o.e.m.c.i.embedder.EclipseLogger - Using 'UTF-8' encoding to copy filtered resources.
2019-03-27 02:36:49,777 [Worker-30] INFO  o.e.m.c.i.embedder.EclipseLogger - Copying 0 resource
2019-03-27 02:37:05,875 [Worker-27] INFO  o.e.m.c.i.embedder.EclipseLogger - Using 'UTF-8' encoding to copy filtered resources.
2019-03-27 02:37:05,875 [Worker-27] INFO  o.e.m.c.i.embedder.EclipseLogger - Copying 1 resource
2019-03-27 02:37:05,875 [Worker-27] INFO  o.e.m.c.i.embedder.EclipseLogger - Copying 13 resources
2019-03-27 02:37:05,875 [Worker-27] INFO  o.e.m.c.i.embedder.EclipseLogger - Using 'UTF-8' encoding to copy filtered resources.
2019-03-27 02:37:05,875 [Worker-27] INFO  o.e.m.c.i.embedder.EclipseLogger - Copying 0 resource
2019-03-27 02:42:31,132 [Worker-35] INFO  o.e.m.c.i.embedder.EclipseLogger - Using 'UTF-8' encoding to copy filtered resources.
2019-03-27 02:42:31,132 [Worker-35] INFO  o.e.m.c.i.embedder.EclipseLogger - Copying 1 resource
2019-03-27 02:42:31,132 [Worker-35] INFO  o.e.m.c.i.embedder.EclipseLogger - Copying 13 resources
2019-03-27 02:42:31,132 [Worker-35] INFO  o.e.m.c.i.embedder.EclipseLogger - Using 'UTF-8' encoding to copy filtered resources.
2019-03-27 02:42:31,132 [Worker-35] INFO  o.e.m.c.i.embedder.EclipseLogger - Copying 0 resource
2019-03-27 02:44:33,739 [Worker-31] INFO  o.e.m.c.i.embedder.EclipseLogger - Using 'UTF-8' encoding to copy filtered resources.
2019-03-27 02:44:33,739 [Worker-31] INFO  o.e.m.c.i.embedder.EclipseLogger - Copying 1 resource
2019-03-27 02:44:33,739 [Worker-31] INFO  o.e.m.c.i.embedder.EclipseLogger - Copying 13 resources
2019-03-27 02:44:33,739 [Worker-31] INFO  o.e.m.c.i.embedder.EclipseLogger - Using 'UTF-8' encoding to copy filtered resources.
2019-03-27 02:44:33,739 [Worker-31] INFO  o.e.m.c.i.embedder.EclipseLogger - Copying 0 resource
2019-03-27 02:44:44,009 [Worker-34] INFO  o.e.m.c.i.embedder.EclipseLogger - Using 'UTF-8' encoding to copy filtered resources.
2019-03-27 02:44:44,009 [Worker-34] INFO  o.e.m.c.i.embedder.EclipseLogger - Copying 1 resource
2019-03-27 02:44:44,025 [Worker-34] INFO  o.e.m.c.i.embedder.EclipseLogger - Copying 13 resources
2019-03-27 02:44:44,025 [Worker-34] INFO  o.e.m.c.i.embedder.EclipseLogger - Using 'UTF-8' encoding to copy filtered resources.
2019-03-27 02:44:44,025 [Worker-34] INFO  o.e.m.c.i.embedder.EclipseLogger - Copying 0 resource
2019-03-27 02:44:56,129 [Worker-35] INFO  o.e.m.c.i.embedder.EclipseLogger - Using 'UTF-8' encoding to copy filtered resources.
2019-03-27 02:44:56,129 [Worker-35] INFO  o.e.m.c.i.embedder.EclipseLogger - Copying 1 resource
2019-03-27 02:44:56,145 [Worker-35] INFO  o.e.m.c.i.embedder.EclipseLogger - Copying 13 resources
2019-03-27 02:44:56,145 [Worker-35] INFO  o.e.m.c.i.embedder.EclipseLogger - Using 'UTF-8' encoding to copy filtered resources.
2019-03-27 02:44:56,145 [Worker-35] INFO  o.e.m.c.i.embedder.EclipseLogger - Copying 0 resource
2019-03-27 02:45:30,615 [Worker-31] INFO  o.e.m.c.i.embedder.EclipseLogger - Using 'UTF-8' encoding to copy filtered resources.
2019-03-27 02:45:30,631 [Worker-31] INFO  o.e.m.c.i.embedder.EclipseLogger - Copying 1 resource
2019-03-27 02:45:30,631 [Worker-31] INFO  o.e.m.c.i.embedder.EclipseLogger - Copying 13 resources
2019-03-27 02:45:30,631 [Worker-31] INFO  o.e.m.c.i.embedder.EclipseLogger - Using 'UTF-8' encoding to copy filtered resources.
2019-03-27 02:45:30,631 [Worker-31] INFO  o.e.m.c.i.embedder.EclipseLogger - Copying 0 resource
2019-03-27 02:47:32,171 [Worker-31] INFO  o.e.m.c.i.embedder.EclipseLogger - Using 'UTF-8' encoding to copy filtered resources.
2019-03-27 02:47:32,171 [Worker-31] INFO  o.e.m.c.i.embedder.EclipseLogger - Copying 1 resource
2019-03-27 02:47:32,171 [Worker-31] INFO  o.e.m.c.i.embedder.EclipseLogger - Copying 13 resources
2019-03-27 02:47:32,171 [Worker-31] INFO  o.e.m.c.i.embedder.EclipseLogger - Using 'UTF-8' encoding to copy filtered resources.
2019-03-27 02:47:32,171 [Worker-31] INFO  o.e.m.c.i.embedder.EclipseLogger - Copying 0 resource
2019-03-27 02:47:39,106 [Worker-36] INFO  o.e.m.c.i.embedder.EclipseLogger - Using 'UTF-8' encoding to copy filtered resources.
2019-03-27 02:47:39,106 [Worker-36] INFO  o.e.m.c.i.embedder.EclipseLogger - Copying 1 resource
2019-03-27 02:47:39,106 [Worker-36] INFO  o.e.m.c.i.embedder.EclipseLogger - Copying 13 resources
2019-03-27 02:47:39,106 [Worker-36] INFO  o.e.m.c.i.embedder.EclipseLogger - Using 'UTF-8' encoding to copy filtered resources.
2019-03-27 02:47:39,106 [Worker-36] INFO  o.e.m.c.i.embedder.EclipseLogger - Copying 0 resource
2019-03-27 02:48:00,294 [Worker-36] INFO  o.e.m.c.i.embedder.EclipseLogger - Using 'UTF-8' encoding to copy filtered resources.
2019-03-27 02:48:00,294 [Worker-36] INFO  o.e.m.c.i.embedder.EclipseLogger - Copying 1 resource
2019-03-27 02:48:00,294 [Worker-36] INFO  o.e.m.c.i.embedder.EclipseLogger - Copying 13 resources
2019-03-27 02:48:00,294 [Worker-36] INFO  o.e.m.c.i.embedder.EclipseLogger - Using 'UTF-8' encoding to copy filtered resources.
2019-03-27 02:48:00,310 [Worker-36] INFO  o.e.m.c.i.embedder.EclipseLogger - Copying 0 resource
2019-03-27 02:48:09,448 [Worker-37] INFO  o.e.m.c.i.embedder.EclipseLogger - Using 'UTF-8' encoding to copy filtered resources.
2019-03-27 02:48:09,448 [Worker-37] INFO  o.e.m.c.i.embedder.EclipseLogger - Copying 1 resource
2019-03-27 02:48:09,448 [Worker-37] INFO  o.e.m.c.i.embedder.EclipseLogger - Copying 13 resources
2019-03-27 02:48:09,464 [Worker-37] INFO  o.e.m.c.i.embedder.EclipseLogger - Using 'UTF-8' encoding to copy filtered resources.
2019-03-27 02:48:09,464 [Worker-37] INFO  o.e.m.c.i.embedder.EclipseLogger - Copying 0 resource
2019-03-27 02:48:32,202 [Worker-39] INFO  o.e.m.c.i.embedder.EclipseLogger - Using 'UTF-8' encoding to copy filtered resources.
2019-03-27 02:48:32,202 [Worker-39] INFO  o.e.m.c.i.embedder.EclipseLogger - Copying 1 resource
2019-03-27 02:48:32,202 [Worker-39] INFO  o.e.m.c.i.embedder.EclipseLogger - Copying 13 resources
2019-03-27 02:48:32,202 [Worker-39] INFO  o.e.m.c.i.embedder.EclipseLogger - Using 'UTF-8' encoding to copy filtered resources.
2019-03-27 02:48:32,218 [Worker-39] INFO  o.e.m.c.i.embedder.EclipseLogger - Copying 0 resource
2019-03-27 02:49:54,673 [Worker-31] INFO  o.e.m.c.i.embedder.EclipseLogger - Using 'UTF-8' encoding to copy filtered resources.
2019-03-27 02:49:54,673 [Worker-31] INFO  o.e.m.c.i.embedder.EclipseLogger - Copying 1 resource
2019-03-27 02:49:54,673 [Worker-31] INFO  o.e.m.c.i.embedder.EclipseLogger - Copying 13 resources
2019-03-27 02:49:54,673 [Worker-31] INFO  o.e.m.c.i.embedder.EclipseLogger - Using 'UTF-8' encoding to copy filtered resources.
2019-03-27 02:49:54,673 [Worker-31] INFO  o.e.m.c.i.embedder.EclipseLogger - Copying 0 resource
2019-03-27 02:50:11,810 [Worker-37] INFO  o.e.m.c.i.embedder.EclipseLogger - Using 'UTF-8' encoding to copy filtered resources.
2019-03-27 02:50:11,810 [Worker-37] INFO  o.e.m.c.i.embedder.EclipseLogger - Copying 1 resource
2019-03-27 02:50:11,810 [Worker-37] INFO  o.e.m.c.i.embedder.EclipseLogger - Copying 13 resources
2019-03-27 02:50:11,826 [Worker-37] INFO  o.e.m.c.i.embedder.EclipseLogger - Using 'UTF-8' encoding to copy filtered resources.
2019-03-27 02:50:11,826 [Worker-37] INFO  o.e.m.c.i.embedder.EclipseLogger - Copying 0 resource
2019-03-27 02:52:56,358 [Worker-36] INFO  o.e.m.c.i.embedder.EclipseLogger - Using 'UTF-8' encoding to copy filtered resources.
2019-03-27 02:52:56,358 [Worker-36] INFO  o.e.m.c.i.embedder.EclipseLogger - Copying 1 resource
2019-03-27 02:52:56,375 [Worker-36] INFO  o.e.m.c.i.embedder.EclipseLogger - Copying 13 resources
2019-03-27 02:52:56,375 [Worker-36] INFO  o.e.m.c.i.embedder.EclipseLogger - Using 'UTF-8' encoding to copy filtered resources.
2019-03-27 02:52:56,375 [Worker-36] INFO  o.e.m.c.i.embedder.EclipseLogger - Copying 0 resource
2019-03-27 02:54:34,896 [Worker-34] INFO  o.e.m.c.i.embedder.EclipseLogger - Using 'UTF-8' encoding to copy filtered resources.
2019-03-27 02:54:34,896 [Worker-34] INFO  o.e.m.c.i.embedder.EclipseLogger - Copying 1 resource
2019-03-27 02:54:34,896 [Worker-34] INFO  o.e.m.c.i.embedder.EclipseLogger - Copying 13 resources
2019-03-27 02:54:34,896 [Worker-34] INFO  o.e.m.c.i.embedder.EclipseLogger - Using 'UTF-8' encoding to copy filtered resources.
2019-03-27 02:54:34,896 [Worker-34] INFO  o.e.m.c.i.embedder.EclipseLogger - Copying 0 resource
2019-03-27 02:54:38,438 [Worker-35] INFO  o.e.m.c.i.embedder.EclipseLogger - Using 'UTF-8' encoding to copy filtered resources.
2019-03-27 02:54:38,438 [Worker-35] INFO  o.e.m.c.i.embedder.EclipseLogger - Copying 1 resource
2019-03-27 02:54:38,438 [Worker-35] INFO  o.e.m.c.i.embedder.EclipseLogger - Copying 13 resources
2019-03-27 02:54:38,438 [Worker-35] INFO  o.e.m.c.i.embedder.EclipseLogger - Using 'UTF-8' encoding to copy filtered resources.
2019-03-27 02:54:38,438 [Worker-35] INFO  o.e.m.c.i.embedder.EclipseLogger - Copying 0 resource
2019-03-27 02:57:13,787 [Worker-35] INFO  o.e.m.c.i.embedder.EclipseLogger - Using 'UTF-8' encoding to copy filtered resources.
2019-03-27 02:57:13,787 [Worker-35] INFO  o.e.m.c.i.embedder.EclipseLogger - Copying 1 resource
2019-03-27 02:57:13,787 [Worker-35] INFO  o.e.m.c.i.embedder.EclipseLogger - Copying 13 resources
2019-03-27 02:57:13,787 [Worker-35] INFO  o.e.m.c.i.embedder.EclipseLogger - Using 'UTF-8' encoding to copy filtered resources.
2019-03-27 02:57:13,787 [Worker-35] INFO  o.e.m.c.i.embedder.EclipseLogger - Copying 0 resource
2019-03-27 03:00:20,572 [Worker-43] INFO  o.e.m.c.i.embedder.EclipseLogger - Using 'UTF-8' encoding to copy filtered resources.
2019-03-27 03:00:20,587 [Worker-43] INFO  o.e.m.c.i.embedder.EclipseLogger - Copying 1 resource
2019-03-27 03:00:20,587 [Worker-43] INFO  o.e.m.c.i.embedder.EclipseLogger - Copying 13 resources
2019-03-27 03:00:20,587 [Worker-43] INFO  o.e.m.c.i.embedder.EclipseLogger - Using 'UTF-8' encoding to copy filtered resources.
2019-03-27 03:00:20,587 [Worker-43] INFO  o.e.m.c.i.embedder.EclipseLogger - Copying 0 resource
2019-03-27 03:00:33,651 [Worker-41] INFO  o.e.m.c.i.embedder.EclipseLogger - Using 'UTF-8' encoding to copy filtered resources.
2019-03-27 03:00:33,651 [Worker-41] INFO  o.e.m.c.i.embedder.EclipseLogger - Copying 1 resource
2019-03-27 03:00:33,651 [Worker-41] INFO  o.e.m.c.i.embedder.EclipseLogger - Copying 13 resources
2019-03-27 03:00:33,666 [Worker-41] INFO  o.e.m.c.i.embedder.EclipseLogger - Using 'UTF-8' encoding to copy filtered resources.
2019-03-27 03:00:33,666 [Worker-41] INFO  o.e.m.c.i.embedder.EclipseLogger - Copying 0 resource
2019-03-27 03:01:46,870 [Worker-37] INFO  o.e.m.c.i.embedder.EclipseLogger - Using 'UTF-8' encoding to copy filtered resources.
2019-03-27 03:01:46,870 [Worker-37] INFO  o.e.m.c.i.embedder.EclipseLogger - Copying 1 resource
2019-03-27 03:01:46,886 [Worker-37] INFO  o.e.m.c.i.embedder.EclipseLogger - Copying 13 resources
2019-03-27 03:01:46,886 [Worker-37] INFO  o.e.m.c.i.embedder.EclipseLogger - Using 'UTF-8' encoding to copy filtered resources.
2019-03-27 03:01:46,886 [Worker-37] INFO  o.e.m.c.i.embedder.EclipseLogger - Copying 0 resource
2019-03-27 03:01:53,693 [Worker-44] INFO  o.e.m.c.i.embedder.EclipseLogger - Using 'UTF-8' encoding to copy filtered resources.
2019-03-27 03:01:53,693 [Worker-44] INFO  o.e.m.c.i.embedder.EclipseLogger - Copying 1 resource
2019-03-27 03:01:53,693 [Worker-44] INFO  o.e.m.c.i.embedder.EclipseLogger - Copying 13 resources
2019-03-27 03:01:53,693 [Worker-44] INFO  o.e.m.c.i.embedder.EclipseLogger - Using 'UTF-8' encoding to copy filtered resources.
2019-03-27 03:01:53,693 [Worker-44] INFO  o.e.m.c.i.embedder.EclipseLogger - Copying 0 resource
2019-03-27 03:02:15,434 [Worker-37] INFO  o.e.m.c.i.embedder.EclipseLogger - Using 'UTF-8' encoding to copy filtered resources.
2019-03-27 03:02:15,434 [Worker-37] INFO  o.e.m.c.i.embedder.EclipseLogger - Copying 1 resource
2019-03-27 03:02:15,434 [Worker-37] INFO  o.e.m.c.i.embedder.EclipseLogger - Copying 13 resources
2019-03-27 03:02:15,450 [Worker-37] INFO  o.e.m.c.i.embedder.EclipseLogger - Using 'UTF-8' encoding to copy filtered resources.
2019-03-27 03:02:15,450 [Worker-37] INFO  o.e.m.c.i.embedder.EclipseLogger - Copying 0 resource
2019-03-27 03:04:16,539 [Worker-44] INFO  o.e.m.c.i.embedder.EclipseLogger - Using 'UTF-8' encoding to copy filtered resources.
2019-03-27 03:04:16,539 [Worker-44] INFO  o.e.m.c.i.embedder.EclipseLogger - Copying 1 resource
2019-03-27 03:04:16,539 [Worker-44] INFO  o.e.m.c.i.embedder.EclipseLogger - Copying 13 resources
2019-03-27 03:04:16,555 [Worker-44] INFO  o.e.m.c.i.embedder.EclipseLogger - Using 'UTF-8' encoding to copy filtered resources.
2019-03-27 03:04:16,555 [Worker-44] INFO  o.e.m.c.i.embedder.EclipseLogger - Copying 0 resource
2019-03-27 03:04:39,595 [Worker-44] INFO  o.e.m.c.i.embedder.EclipseLogger - Using 'UTF-8' encoding to copy filtered resources.
2019-03-27 03:04:39,595 [Worker-44] INFO  o.e.m.c.i.embedder.EclipseLogger - Copying 1 resource
2019-03-27 03:04:39,595 [Worker-44] INFO  o.e.m.c.i.embedder.EclipseLogger - Copying 13 resources
2019-03-27 03:04:39,595 [Worker-44] INFO  o.e.m.c.i.embedder.EclipseLogger - Using 'UTF-8' encoding to copy filtered resources.
2019-03-27 03:04:39,595 [Worker-44] INFO  o.e.m.c.i.embedder.EclipseLogger - Copying 0 resource
2019-03-27 03:04:58,497 [Worker-44] INFO  o.e.m.c.i.embedder.EclipseLogger - Using 'UTF-8' encoding to copy filtered resources.
2019-03-27 03:04:58,497 [Worker-44] INFO  o.e.m.c.i.embedder.EclipseLogger - Copying 1 resource
2019-03-27 03:04:58,497 [Worker-44] INFO  o.e.m.c.i.embedder.EclipseLogger - Copying 13 resources
2019-03-27 03:04:58,513 [Worker-44] INFO  o.e.m.c.i.embedder.EclipseLogger - Using 'UTF-8' encoding to copy filtered resources.
2019-03-27 03:04:58,513 [Worker-44] INFO  o.e.m.c.i.embedder.EclipseLogger - Copying 0 resource
2019-03-27 03:05:02,812 [Worker-44] INFO  o.e.m.c.i.embedder.EclipseLogger - Using 'UTF-8' encoding to copy filtered resources.
2019-03-27 03:05:02,828 [Worker-44] INFO  o.e.m.c.i.embedder.EclipseLogger - Copying 1 resource
2019-03-27 03:05:02,828 [Worker-44] INFO  o.e.m.c.i.embedder.EclipseLogger - Copying 13 resources
2019-03-27 03:05:02,828 [Worker-44] INFO  o.e.m.c.i.embedder.EclipseLogger - Using 'UTF-8' encoding to copy filtered resources.
2019-03-27 03:05:02,828 [Worker-44] INFO  o.e.m.c.i.embedder.EclipseLogger - Copying 0 resource
2019-03-27 03:05:08,834 [Worker-37] INFO  o.e.m.c.i.embedder.EclipseLogger - Using 'UTF-8' encoding to copy filtered resources.
2019-03-27 03:05:08,834 [Worker-37] INFO  o.e.m.c.i.embedder.EclipseLogger - Copying 1 resource
2019-03-27 03:05:08,834 [Worker-37] INFO  o.e.m.c.i.embedder.EclipseLogger - Copying 13 resources
2019-03-27 03:05:08,834 [Worker-37] INFO  o.e.m.c.i.embedder.EclipseLogger - Using 'UTF-8' encoding to copy filtered resources.
2019-03-27 03:05:08,834 [Worker-37] INFO  o.e.m.c.i.embedder.EclipseLogger - Copying 0 resource
2019-03-27 03:05:17,470 [Worker-45] INFO  o.e.m.c.i.embedder.EclipseLogger - Using 'UTF-8' encoding to copy filtered resources.
2019-03-27 03:05:17,470 [Worker-45] INFO  o.e.m.c.i.embedder.EclipseLogger - Copying 1 resource
2019-03-27 03:05:17,470 [Worker-45] INFO  o.e.m.c.i.embedder.EclipseLogger - Copying 13 resources
2019-03-27 03:05:17,470 [Worker-45] INFO  o.e.m.c.i.embedder.EclipseLogger - Using 'UTF-8' encoding to copy filtered resources.
2019-03-27 03:05:17,470 [Worker-45] INFO  o.e.m.c.i.embedder.EclipseLogger - Copying 0 resource
2019-03-27 03:05:41,486 [Worker-46] INFO  o.e.m.c.i.embedder.EclipseLogger - Using 'UTF-8' encoding to copy filtered resources.
2019-03-27 03:05:41,486 [Worker-46] INFO  o.e.m.c.i.embedder.EclipseLogger - Copying 1 resource
2019-03-27 03:05:41,486 [Worker-46] INFO  o.e.m.c.i.embedder.EclipseLogger - Copying 13 resources
2019-03-27 03:05:41,501 [Worker-46] INFO  o.e.m.c.i.embedder.EclipseLogger - Using 'UTF-8' encoding to copy filtered resources.
2019-03-27 03:05:41,501 [Worker-46] INFO  o.e.m.c.i.embedder.EclipseLogger - Copying 0 resource
2019-03-27 03:06:13,369 [Worker-45] INFO  o.e.m.c.i.embedder.EclipseLogger - Using 'UTF-8' encoding to copy filtered resources.
2019-03-27 03:06:13,369 [Worker-45] INFO  o.e.m.c.i.embedder.EclipseLogger - Copying 1 resource
2019-03-27 03:06:13,385 [Worker-45] INFO  o.e.m.c.i.embedder.EclipseLogger - Copying 13 resources
2019-03-27 03:06:13,388 [Worker-45] INFO  o.e.m.c.i.embedder.EclipseLogger - Using 'UTF-8' encoding to copy filtered resources.
2019-03-27 03:06:13,388 [Worker-45] INFO  o.e.m.c.i.embedder.EclipseLogger - Copying 0 resource
2019-03-27 03:07:23,585 [Worker-37] INFO  o.e.m.c.i.embedder.EclipseLogger - Using 'UTF-8' encoding to copy filtered resources.
2019-03-27 03:07:23,585 [Worker-37] INFO  o.e.m.c.i.embedder.EclipseLogger - Copying 1 resource
2019-03-27 03:07:23,585 [Worker-37] INFO  o.e.m.c.i.embedder.EclipseLogger - Copying 13 resources
2019-03-27 03:07:23,585 [Worker-37] INFO  o.e.m.c.i.embedder.EclipseLogger - Using 'UTF-8' encoding to copy filtered resources.
2019-03-27 03:07:23,585 [Worker-37] INFO  o.e.m.c.i.embedder.EclipseLogger - Copying 0 resource
2019-03-27 03:07:47,197 [Worker-41] INFO  o.e.m.c.i.embedder.EclipseLogger - Using 'UTF-8' encoding to copy filtered resources.
2019-03-27 03:07:47,197 [Worker-41] INFO  o.e.m.c.i.embedder.EclipseLogger - Copying 1 resource
2019-03-27 03:07:47,197 [Worker-41] INFO  o.e.m.c.i.embedder.EclipseLogger - Copying 13 resources
2019-03-27 03:07:47,197 [Worker-41] INFO  o.e.m.c.i.embedder.EclipseLogger - Using 'UTF-8' encoding to copy filtered resources.
2019-03-27 03:07:47,197 [Worker-41] INFO  o.e.m.c.i.embedder.EclipseLogger - Copying 0 resource
2019-03-27 03:08:00,257 [Worker-47] INFO  o.e.m.c.i.embedder.EclipseLogger - Using 'UTF-8' encoding to copy filtered resources.
2019-03-27 03:08:00,257 [Worker-47] INFO  o.e.m.c.i.embedder.EclipseLogger - Copying 1 resource
2019-03-27 03:08:00,273 [Worker-47] INFO  o.e.m.c.i.embedder.EclipseLogger - Copying 13 resources
2019-03-27 03:08:00,273 [Worker-47] INFO  o.e.m.c.i.embedder.EclipseLogger - Using 'UTF-8' encoding to copy filtered resources.
2019-03-27 03:08:00,273 [Worker-47] INFO  o.e.m.c.i.embedder.EclipseLogger - Copying 0 resource
2019-03-27 03:09:10,806 [Worker-44] INFO  o.e.m.c.i.embedder.EclipseLogger - Using 'UTF-8' encoding to copy filtered resources.
2019-03-27 03:09:10,806 [Worker-44] INFO  o.e.m.c.i.embedder.EclipseLogger - Copying 1 resource
2019-03-27 03:09:10,806 [Worker-44] INFO  o.e.m.c.i.embedder.EclipseLogger - Copying 13 resources
2019-03-27 03:09:10,821 [Worker-44] INFO  o.e.m.c.i.embedder.EclipseLogger - Using 'UTF-8' encoding to copy filtered resources.
2019-03-27 03:09:10,821 [Worker-44] INFO  o.e.m.c.i.embedder.EclipseLogger - Copying 0 resource
2019-03-27 03:09:22,207 [Worker-45] INFO  o.e.m.c.i.embedder.EclipseLogger - Using 'UTF-8' encoding to copy filtered resources.
2019-03-27 03:09:22,207 [Worker-45] INFO  o.e.m.c.i.embedder.EclipseLogger - Copying 1 resource
2019-03-27 03:09:22,207 [Worker-45] INFO  o.e.m.c.i.embedder.EclipseLogger - Copying 13 resources
2019-03-27 03:09:22,222 [Worker-45] INFO  o.e.m.c.i.embedder.EclipseLogger - Using 'UTF-8' encoding to copy filtered resources.
2019-03-27 03:09:22,222 [Worker-45] INFO  o.e.m.c.i.embedder.EclipseLogger - Copying 0 resource
2019-03-27 03:09:43,974 [Worker-46] INFO  o.e.m.c.i.embedder.EclipseLogger - Using 'UTF-8' encoding to copy filtered resources.
2019-03-27 03:09:43,974 [Worker-46] INFO  o.e.m.c.i.embedder.EclipseLogger - Copying 1 resource
2019-03-27 03:09:43,974 [Worker-46] INFO  o.e.m.c.i.embedder.EclipseLogger - Copying 13 resources
2019-03-27 03:09:43,974 [Worker-46] INFO  o.e.m.c.i.embedder.EclipseLogger - Using 'UTF-8' encoding to copy filtered resources.
2019-03-27 03:09:43,974 [Worker-46] INFO  o.e.m.c.i.embedder.EclipseLogger - Copying 0 resource
2019-03-27 03:10:55,135 [Worker-45] INFO  o.e.m.c.i.embedder.EclipseLogger - Using 'UTF-8' encoding to copy filtered resources.
2019-03-27 03:10:55,150 [Worker-45] INFO  o.e.m.c.i.embedder.EclipseLogger - Copying 1 resource
2019-03-27 03:10:55,150 [Worker-45] INFO  o.e.m.c.i.embedder.EclipseLogger - Copying 13 resources
2019-03-27 03:10:55,150 [Worker-45] INFO  o.e.m.c.i.embedder.EclipseLogger - Using 'UTF-8' encoding to copy filtered resources.
2019-03-27 03:10:55,150 [Worker-45] INFO  o.e.m.c.i.embedder.EclipseLogger - Copying 0 resource
2019-03-27 03:11:24,264 [Worker-48] INFO  o.e.m.c.i.embedder.EclipseLogger - Using 'UTF-8' encoding to copy filtered resources.
2019-03-27 03:11:24,264 [Worker-48] INFO  o.e.m.c.i.embedder.EclipseLogger - Copying 1 resource
2019-03-27 03:11:24,264 [Worker-48] INFO  o.e.m.c.i.embedder.EclipseLogger - Copying 13 resources
2019-03-27 03:11:24,264 [Worker-48] INFO  o.e.m.c.i.embedder.EclipseLogger - Using 'UTF-8' encoding to copy filtered resources.
2019-03-27 03:11:24,264 [Worker-48] INFO  o.e.m.c.i.embedder.EclipseLogger - Copying 0 resource
2019-03-27 03:12:21,385 [Worker-41] INFO  o.e.m.c.i.embedder.EclipseLogger - Using 'UTF-8' encoding to copy filtered resources.
2019-03-27 03:12:21,385 [Worker-41] INFO  o.e.m.c.i.embedder.EclipseLogger - Copying 1 resource
2019-03-27 03:12:21,385 [Worker-41] INFO  o.e.m.c.i.embedder.EclipseLogger - Copying 13 resources
2019-03-27 03:12:21,385 [Worker-41] INFO  o.e.m.c.i.embedder.EclipseLogger - Using 'UTF-8' encoding to copy filtered resources.
2019-03-27 03:12:21,385 [Worker-41] INFO  o.e.m.c.i.embedder.EclipseLogger - Copying 0 resource
2019-03-27 03:13:24,212 [Worker-43] INFO  o.e.m.c.i.embedder.EclipseLogger - Using 'UTF-8' encoding to copy filtered resources.
2019-03-27 03:13:24,212 [Worker-43] INFO  o.e.m.c.i.embedder.EclipseLogger - Copying 1 resource
2019-03-27 03:13:24,212 [Worker-43] INFO  o.e.m.c.i.embedder.EclipseLogger - Copying 13 resources
2019-03-27 03:13:24,228 [Worker-43] INFO  o.e.m.c.i.embedder.EclipseLogger - Using 'UTF-8' encoding to copy filtered resources.
2019-03-27 03:13:24,228 [Worker-43] INFO  o.e.m.c.i.embedder.EclipseLogger - Copying 0 resource
2019-03-27 03:15:20,172 [Worker-45] INFO  o.e.m.c.i.embedder.EclipseLogger - Using 'UTF-8' encoding to copy filtered resources.
2019-03-27 03:15:20,172 [Worker-45] INFO  o.e.m.c.i.embedder.EclipseLogger - Copying 1 resource
2019-03-27 03:15:20,172 [Worker-45] INFO  o.e.m.c.i.embedder.EclipseLogger - Copying 13 resources
2019-03-27 03:15:20,187 [Worker-45] INFO  o.e.m.c.i.embedder.EclipseLogger - Using 'UTF-8' encoding to copy filtered resources.
2019-03-27 03:15:20,187 [Worker-45] INFO  o.e.m.c.i.embedder.EclipseLogger - Copying 0 resource
2019-03-27 03:16:14,297 [Worker-47] INFO  o.e.m.c.i.embedder.EclipseLogger - Using 'UTF-8' encoding to copy filtered resources.
2019-03-27 03:16:14,297 [Worker-47] INFO  o.e.m.c.i.embedder.EclipseLogger - Copying 1 resource
2019-03-27 03:16:14,297 [Worker-47] INFO  o.e.m.c.i.embedder.EclipseLogger - Copying 13 resources
2019-03-27 03:16:14,313 [Worker-47] INFO  o.e.m.c.i.embedder.EclipseLogger - Using 'UTF-8' encoding to copy filtered resources.
2019-03-27 03:16:14,313 [Worker-47] INFO  o.e.m.c.i.embedder.EclipseLogger - Copying 0 resource
2019-03-27 03:19:08,520 [Worker-44] INFO  o.e.m.c.i.embedder.EclipseLogger - Using 'UTF-8' encoding to copy filtered resources.
2019-03-27 03:19:08,520 [Worker-44] INFO  o.e.m.c.i.embedder.EclipseLogger - Copying 1 resource
2019-03-27 03:19:08,536 [Worker-44] INFO  o.e.m.c.i.embedder.EclipseLogger - Copying 13 resources
2019-03-27 03:19:08,536 [Worker-44] INFO  o.e.m.c.i.embedder.EclipseLogger - Using 'UTF-8' encoding to copy filtered resources.
2019-03-27 03:19:08,536 [Worker-44] INFO  o.e.m.c.i.embedder.EclipseLogger - Copying 0 resource
2019-03-27 03:20:39,191 [Worker-50] INFO  o.e.m.c.i.embedder.EclipseLogger - Using 'UTF-8' encoding to copy filtered resources.
2019-03-27 03:20:39,191 [Worker-50] INFO  o.e.m.c.i.embedder.EclipseLogger - Copying 0 resource
2019-03-27 03:20:39,191 [Worker-50] INFO  o.e.m.c.i.embedder.EclipseLogger - Copying 1 resource
2019-03-27 03:20:39,191 [Worker-50] INFO  o.e.m.c.i.embedder.EclipseLogger - Using 'UTF-8' encoding to copy filtered resources.
2019-03-27 03:20:39,191 [Worker-50] INFO  o.e.m.c.i.embedder.EclipseLogger - Copying 0 resource
2019-03-27 03:20:55,398 [Worker-47] INFO  o.e.m.c.i.embedder.EclipseLogger - Using 'UTF-8' encoding to copy filtered resources.
2019-03-27 03:20:55,398 [Worker-47] INFO  o.e.m.c.i.embedder.EclipseLogger - Copying 0 resource
2019-03-27 03:20:55,398 [Worker-47] INFO  o.e.m.c.i.embedder.EclipseLogger - Copying 1 resource
2019-03-27 03:20:55,398 [Worker-47] INFO  o.e.m.c.i.embedder.EclipseLogger - Using 'UTF-8' encoding to copy filtered resources.
2019-03-27 03:20:55,398 [Worker-47] INFO  o.e.m.c.i.embedder.EclipseLogger - Copying 0 resource
2019-03-27 03:21:02,145 [Worker-41] INFO  o.e.m.c.i.embedder.EclipseLogger - Using 'UTF-8' encoding to copy filtered resources.
2019-03-27 03:21:02,145 [Worker-41] INFO  o.e.m.c.i.embedder.EclipseLogger - Copying 0 resource
2019-03-27 03:21:02,145 [Worker-41] INFO  o.e.m.c.i.embedder.EclipseLogger - Copying 1 resource
2019-03-27 03:21:02,145 [Worker-41] INFO  o.e.m.c.i.embedder.EclipseLogger - Using 'UTF-8' encoding to copy filtered resources.
2019-03-27 03:21:02,145 [Worker-41] INFO  o.e.m.c.i.embedder.EclipseLogger - Copying 0 resource
2019-03-27 03:25:07,059 [Worker-43] INFO  o.e.m.c.i.embedder.EclipseLogger - Using 'UTF-8' encoding to copy filtered resources.
2019-03-27 03:25:07,059 [Worker-43] INFO  o.e.m.c.i.embedder.EclipseLogger - Copying 1 resource
2019-03-27 03:25:07,059 [Worker-43] INFO  o.e.m.c.i.embedder.EclipseLogger - Copying 13 resources
2019-03-27 03:25:07,059 [Worker-43] INFO  o.e.m.c.i.embedder.EclipseLogger - Using 'UTF-8' encoding to copy filtered resources.
2019-03-27 03:25:07,059 [Worker-43] INFO  o.e.m.c.i.embedder.EclipseLogger - Copying 0 resource
2019-03-27 03:25:38,620 [Worker-50] INFO  o.e.m.c.i.embedder.EclipseLogger - Using 'UTF-8' encoding to copy filtered resources.
2019-03-27 03:25:38,620 [Worker-50] INFO  o.e.m.c.i.embedder.EclipseLogger - Copying 1 resource
2019-03-27 03:25:38,620 [Worker-50] INFO  o.e.m.c.i.embedder.EclipseLogger - Copying 13 resources
2019-03-27 03:25:38,620 [Worker-50] INFO  o.e.m.c.i.embedder.EclipseLogger - Using 'UTF-8' encoding to copy filtered resources.
2019-03-27 03:25:38,620 [Worker-50] INFO  o.e.m.c.i.embedder.EclipseLogger - Copying 0 resource
2019-03-27 03:26:35,965 [Worker-47] INFO  o.e.m.c.i.embedder.EclipseLogger - Using 'UTF-8' encoding to copy filtered resources.
2019-03-27 03:26:35,965 [Worker-47] INFO  o.e.m.c.i.embedder.EclipseLogger - Copying 1 resource
2019-03-27 03:26:35,965 [Worker-47] INFO  o.e.m.c.i.embedder.EclipseLogger - Copying 13 resources
2019-03-27 03:26:35,965 [Worker-47] INFO  o.e.m.c.i.embedder.EclipseLogger - Using 'UTF-8' encoding to copy filtered resources.
2019-03-27 03:26:35,965 [Worker-47] INFO  o.e.m.c.i.embedder.EclipseLogger - Copying 0 resource
2019-03-27 03:26:49,904 [Worker-51] INFO  o.e.m.c.i.embedder.EclipseLogger - Using 'UTF-8' encoding to copy filtered resources.
2019-03-27 03:26:49,919 [Worker-51] INFO  o.e.m.c.i.embedder.EclipseLogger - Copying 1 resource
2019-03-27 03:26:49,919 [Worker-51] INFO  o.e.m.c.i.embedder.EclipseLogger - Copying 13 resources
2019-03-27 03:26:49,919 [Worker-51] INFO  o.e.m.c.i.embedder.EclipseLogger - Using 'UTF-8' encoding to copy filtered resources.
2019-03-27 03:26:49,919 [Worker-51] INFO  o.e.m.c.i.embedder.EclipseLogger - Copying 0 resource
2019-03-27 03:29:01,291 [Worker-37] INFO  o.e.m.c.i.embedder.EclipseLogger - Using 'UTF-8' encoding to copy filtered resources.
2019-03-27 03:29:01,291 [Worker-37] INFO  o.e.m.c.i.embedder.EclipseLogger - Copying 1 resource
2019-03-27 03:29:01,291 [Worker-37] INFO  o.e.m.c.i.embedder.EclipseLogger - Copying 13 resources
2019-03-27 03:29:01,307 [Worker-37] INFO  o.e.m.c.i.embedder.EclipseLogger - Using 'UTF-8' encoding to copy filtered resources.
2019-03-27 03:29:01,307 [Worker-37] INFO  o.e.m.c.i.embedder.EclipseLogger - Copying 0 resource
2019-03-27 03:29:15,242 [Worker-47] INFO  o.e.m.c.i.embedder.EclipseLogger - Using 'UTF-8' encoding to copy filtered resources.
2019-03-27 03:29:15,242 [Worker-47] INFO  o.e.m.c.i.embedder.EclipseLogger - Copying 1 resource
2019-03-27 03:29:15,242 [Worker-47] INFO  o.e.m.c.i.embedder.EclipseLogger - Copying 13 resources
2019-03-27 03:29:15,242 [Worker-47] INFO  o.e.m.c.i.embedder.EclipseLogger - Using 'UTF-8' encoding to copy filtered resources.
2019-03-27 03:29:15,242 [Worker-47] INFO  o.e.m.c.i.embedder.EclipseLogger - Copying 0 resource
2019-03-27 05:01:56,162 [Worker-74] INFO  o.e.m.c.i.embedder.EclipseLogger - Using 'UTF-8' encoding to copy filtered resources.
2019-03-27 05:01:56,707 [Worker-74] INFO  o.e.m.c.i.embedder.EclipseLogger - Copying 1 resource
2019-03-27 05:01:56,770 [Worker-74] INFO  o.e.m.c.i.embedder.EclipseLogger - Copying 13 resources
2019-03-27 05:01:56,910 [Worker-74] INFO  o.e.m.c.i.embedder.EclipseLogger - Using 'UTF-8' encoding to copy filtered resources.
2019-03-27 05:01:56,926 [Worker-74] INFO  o.e.m.c.i.embedder.EclipseLogger - Copying 0 resource
2019-03-27 05:02:05,670 [Worker-75] INFO  o.e.m.c.i.embedder.EclipseLogger - Using 'UTF-8' encoding to copy filtered resources.
2019-03-27 05:02:05,670 [Worker-75] INFO  o.e.m.c.i.embedder.EclipseLogger - Copying 1 resource
2019-03-27 05:02:05,670 [Worker-75] INFO  o.e.m.c.i.embedder.EclipseLogger - Copying 13 resources
2019-03-27 05:02:05,685 [Worker-75] INFO  o.e.m.c.i.embedder.EclipseLogger - Using 'UTF-8' encoding to copy filtered resources.
2019-03-27 05:02:05,685 [Worker-75] INFO  o.e.m.c.i.embedder.EclipseLogger - Copying 0 resource
2019-03-27 05:14:57,742 [Worker-78] INFO  o.e.m.c.i.embedder.EclipseLogger - Using 'UTF-8' encoding to copy filtered resources.
2019-03-27 05:14:57,745 [Worker-78] INFO  o.e.m.c.i.embedder.EclipseLogger - Copying 1 resource
2019-03-27 05:14:57,747 [Worker-78] INFO  o.e.m.c.i.embedder.EclipseLogger - Copying 13 resources
2019-03-27 05:14:57,750 [Worker-78] INFO  o.e.m.c.i.embedder.EclipseLogger - Using 'UTF-8' encoding to copy filtered resources.
2019-03-27 05:14:57,750 [Worker-78] INFO  o.e.m.c.i.embedder.EclipseLogger - Copying 0 resource
2019-03-27 05:16:30,647 [Worker-79] INFO  o.e.m.c.i.embedder.EclipseLogger - Using 'UTF-8' encoding to copy filtered resources.
2019-03-27 05:16:30,647 [Worker-79] INFO  o.e.m.c.i.embedder.EclipseLogger - Copying 1 resource
2019-03-27 05:16:30,647 [Worker-79] INFO  o.e.m.c.i.embedder.EclipseLogger - Copying 13 resources
2019-03-27 05:16:30,647 [Worker-79] INFO  o.e.m.c.i.embedder.EclipseLogger - Using 'UTF-8' encoding to copy filtered resources.
2019-03-27 05:16:30,647 [Worker-79] INFO  o.e.m.c.i.embedder.EclipseLogger - Copying 0 resource
